<?xml version="1.0" encoding="UTF-8"?>
<testsuite name="TestSuite" time="0" tests="2" errors="0" skipped="2" failures="0">
  <properties>
[...]
</properties>
  <testcase name="runScenario" classname="runner.Runner" time="0">
    <skipped/>
    <system-out><![CDATA[
Scenario: Register dengan email valid               &amp#27;[90m# src/test/resources/featureFiles/regis.feature:3&amp#27;[0m
  &amp#27;[32mGiven &amp#27;[0m&amp#27;[32mUser sedang berada di halaman register&amp#27;[0m      &amp#27;[90m# definition.RegistTestDefinition.user_sedang_berada_di_halaman_register()&amp#27;[0m
  &amp#27;[32mWhen &amp#27;[0m&amp#27;[32mUser memasukan email &amp#27;[0m&amp#27;[32m&amp#27;[1m"yanwarsolah@gmail.com"&amp#27;[0m &amp#27;[90m# definition.RegistTestDefinition.user_memasukan_email(java.lang.String)&amp#27;[0m
  &amp#27;[33mAnd &amp#27;[0m&amp#27;[33mUser menekan tombol submit&amp#27;[0m                    &amp#27;[90m# definition.RegistTestDefinition.user_menekan_tombol_submit()&amp#27;[0m
      &amp#27;[33mio.cucumber.java.PendingException: TODO: implement me
	at definition.RegistTestDefinition.user_menekan_tombol_submit(RegistTestDefinition.java:36)
	at ?.User menekan tombol submit(file:///C:/Users/ASUS/Documents/Juara%20Coding/EclipseIDE_dev/CucumberBDDdemoguru/src/test/resources/featureFiles/regis.feature:7)
&amp#27;[0m
  &amp#27;[36mThen &amp#27;[0m&amp#27;[36mUser akan melihat kredensial yang diberikan&amp#27;[0m  &amp#27;[90m# definition.RegistTestDefinition.user_akan_melihat_kredensial_yang_diberikan()&amp#27;[0m
]]></system-out>
    <system-err><![CDATA[Jul 18, 2022 11:06:36 PM io.cucumber.testng.TestNGCucumberRunner <init>
WARNING: By default Cucumber is running in --non-strict mode.
This default will change to --strict and --non-strict will be removed.
You can use --strict or @CucumberOptions(strict = true) to suppress this warning
Starting ChromeDriver 103.0.5060.53 (a1711811edd74ff1cf2150f36ffa3b0dae40b17f-refs/branch-heads/5060@{#853}) on port 33573
Only local connections are allowed.
Please see https://chromedriver.chromium.org/security-considerations for suggestions on keeping ChromeDriver safe.
ChromeDriver was started successfully.
Jul 18, 2022 11:06:39 PM org.openqa.selenium.remote.ProtocolHandshake createSession
INFO: Detected dialect: W3C
]]></system-err>
  </testcase>
  <testcase name="runScenario" classname="runner.Runner" time="0">
    <skipped/>
    <system-out><![CDATA[
Scenario: Register dengan email invalid                         &amp#27;[90m# src/test/resources/featureFiles/regis.feature:10&amp#27;[0m
  &amp#27;[32mGiven &amp#27;[0m&amp#27;[32mUser sedang berada di halaman register&amp#27;[0m                  &amp#27;[90m# definition.RegistTestDefinition.user_sedang_berada_di_halaman_register()&amp#27;[0m
  &amp#27;[32mWhen &amp#27;[0m&amp#27;[32mUser memasukan email &amp#27;[0m&amp#27;[32m&amp#27;[1m"yanwarsolah.com"&amp#27;[0m                   &amp#27;[90m# definition.RegistTestDefinition.user_memasukan_email(java.lang.String)&amp#27;[0m
  &amp#27;[33mAnd &amp#27;[0m&amp#27;[33mUser menekan tombol submit&amp#27;[0m                                &amp#27;[90m# definition.RegistTestDefinition.user_menekan_tombol_submit()&amp#27;[0m
      &amp#27;[33mio.cucumber.java.PendingException: TODO: implement me
	at definition.RegistTestDefinition.user_menekan_tombol_submit(RegistTestDefinition.java:36)
	at ?.User menekan tombol submit(file:///C:/Users/ASUS/Documents/Juara%20Coding/EclipseIDE_dev/CucumberBDDdemoguru/src/test/resources/featureFiles/regis.feature:14)
&amp#27;[0m
  &amp#27;[36mThen &amp#27;[0m&amp#27;[36mUser akan melihat pesan validasi &amp#27;[0m&amp#27;[36m&amp#27;[1m"Email ID is not valid"&amp#27;[0m &amp#27;[90m# definition.RegistTestDefinition.user_akan_melihat_pesan_validasi(java.lang.String)&amp#27;[0m
]]></system-out>
    <system-err><![CDATA[Starting ChromeDriver 103.0.5060.53 (a1711811edd74ff1cf2150f36ffa3b0dae40b17f-refs/branch-heads/5060@{#853}) on port 40432
Only local connections are allowed.
Please see https://chromedriver.chromium.org/security-considerations for suggestions on keeping ChromeDriver safe.
ChromeDriver was started successfully.
Jul 18, 2022 11:07:04 PM org.openqa.selenium.remote.ProtocolHandshake createSession
INFO: Detected dialect: W3C
]]></system-err>
  </testcase>
</testsuite>