<?xml version="1.0" encoding="UTF-8"?>
<testng-results skipped="0" failed="0" ignored="0" total="10" passed="10">
  <reporter-output>
  </reporter-output>
  <suite name="Default suite" duration-ms="640" started-at="2022-07-16T00:51:45 ICT" finished-at="2022-07-16T00:51:46 ICT">
    <groups>
      <group name="cucumber">
        <method signature="AbstractTestNGCucumberTests.runScenario(io.cucumber.testng.PickleWrapper, io.cucumber.testng.FeatureWrapper)[pri:0, instance:runnerFiles.RunnerFilesTestNG@10bbd20a]" name="runScenario" class="io.cucumber.testng.AbstractTestNGCucumberTests"/>
      </group> <!-- cucumber -->
    </groups>
    <test name="Default test" duration-ms="640" started-at="2022-07-16T00:51:45 ICT" finished-at="2022-07-16T00:51:46 ICT">
      <class name="runnerFiles.RunnerFilesTestNG">
        <test-method status="PASS" signature="setUpClass()[pri:0, instance:runnerFiles.RunnerFilesTestNG@10bbd20a]" name="setUpClass" is-config="true" duration-ms="307" started-at="2022-07-16T00:51:45 ICT" finished-at="2022-07-16T00:51:46 ICT">
          <reporter-output>
          </reporter-output>
        </test-method> <!-- setUpClass -->
        <test-method status="PASS" signature="runScenario(io.cucumber.testng.PickleWrapper, io.cucumber.testng.FeatureWrapper)[pri:0, instance:runnerFiles.RunnerFilesTestNG@10bbd20a]" name="runScenario" duration-ms="145" started-at="2022-07-16T00:51:46 ICT" description="Runs Cucumber Scenarios" data-provider="scenarios" finished-at="2022-07-16T00:51:46 ICT">
          <params>
            <param index="0">
              <value>
                <![CDATA["Valid palindrome"]]>
              </value>
            </param>
            <param index="1">
              <value>
                <![CDATA["Tentukan kata palindrome."]]>
              </value>
            </param>
          </params>
          <reporter-output>
          </reporter-output>
        </test-method> <!-- runScenario -->
        <test-method status="PASS" signature="runScenario(io.cucumber.testng.PickleWrapper, io.cucumber.testng.FeatureWrapper)[pri:0, instance:runnerFiles.RunnerFilesTestNG@10bbd20a]" name="runScenario" duration-ms="8" started-at="2022-07-16T00:51:46 ICT" description="Runs Cucumber Scenarios" data-provider="scenarios" finished-at="2022-07-16T00:51:46 ICT">
          <params>
            <param index="0">
              <value>
                <![CDATA["Valid palindrome"]]>
              </value>
            </param>
            <param index="1">
              <value>
                <![CDATA["Tentukan kata palindrome."]]>
              </value>
            </param>
          </params>
          <reporter-output>
          </reporter-output>
        </test-method> <!-- runScenario -->
        <test-method status="PASS" signature="runScenario(io.cucumber.testng.PickleWrapper, io.cucumber.testng.FeatureWrapper)[pri:0, instance:runnerFiles.RunnerFilesTestNG@10bbd20a]" name="runScenario" duration-ms="9" started-at="2022-07-16T00:51:46 ICT" description="Runs Cucumber Scenarios" data-provider="scenarios" finished-at="2022-07-16T00:51:46 ICT">
          <params>
            <param index="0">
              <value>
                <![CDATA["Valid palindrome"]]>
              </value>
            </param>
            <param index="1">
              <value>
                <![CDATA["Tentukan kata palindrome."]]>
              </value>
            </param>
          </params>
          <reporter-output>
          </reporter-output>
        </test-method> <!-- runScenario -->
        <test-method status="PASS" signature="runScenario(io.cucumber.testng.PickleWrapper, io.cucumber.testng.FeatureWrapper)[pri:0, instance:runnerFiles.RunnerFilesTestNG@10bbd20a]" name="runScenario" duration-ms="8" started-at="2022-07-16T00:51:46 ICT" description="Runs Cucumber Scenarios" data-provider="scenarios" finished-at="2022-07-16T00:51:46 ICT">
          <params>
            <param index="0">
              <value>
                <![CDATA["Valid palindrome"]]>
              </value>
            </param>
            <param index="1">
              <value>
                <![CDATA["Tentukan kata palindrome."]]>
              </value>
            </param>
          </params>
          <reporter-output>
          </reporter-output>
        </test-method> <!-- runScenario -->
        <test-method status="PASS" signature="runScenario(io.cucumber.testng.PickleWrapper, io.cucumber.testng.FeatureWrapper)[pri:0, instance:runnerFiles.RunnerFilesTestNG@10bbd20a]" name="runScenario" duration-ms="13" started-at="2022-07-16T00:51:46 ICT" description="Runs Cucumber Scenarios" data-provider="scenarios" finished-at="2022-07-16T00:51:46 ICT">
          <params>
            <param index="0">
              <value>
                <![CDATA["Valid palindrome"]]>
              </value>
            </param>
            <param index="1">
              <value>
                <![CDATA["Tentukan kata palindrome."]]>
              </value>
            </param>
          </params>
          <reporter-output>
          </reporter-output>
        </test-method> <!-- runScenario -->
        <test-method status="PASS" signature="runScenario(io.cucumber.testng.PickleWrapper, io.cucumber.testng.FeatureWrapper)[pri:0, instance:runnerFiles.RunnerFilesTestNG@10bbd20a]" name="runScenario" duration-ms="8" started-at="2022-07-16T00:51:46 ICT" description="Runs Cucumber Scenarios" data-provider="scenarios" finished-at="2022-07-16T00:51:46 ICT">
          <params>
            <param index="0">
              <value>
                <![CDATA["Invalid palindrome"]]>
              </value>
            </param>
            <param index="1">
              <value>
                <![CDATA["Tentukan kata palindrome."]]>
              </value>
            </param>
          </params>
          <reporter-output>
          </reporter-output>
        </test-method> <!-- runScenario -->
        <test-method status="PASS" signature="runScenario(io.cucumber.testng.PickleWrapper, io.cucumber.testng.FeatureWrapper)[pri:0, instance:runnerFiles.RunnerFilesTestNG@10bbd20a]" name="runScenario" duration-ms="12" started-at="2022-07-16T00:51:46 ICT" description="Runs Cucumber Scenarios" data-provider="scenarios" finished-at="2022-07-16T00:51:46 ICT">
          <params>
            <param index="0">
              <value>
                <![CDATA["Invalid palindrome"]]>
              </value>
            </param>
            <param index="1">
              <value>
                <![CDATA["Tentukan kata palindrome."]]>
              </value>
            </param>
          </params>
          <reporter-output>
          </reporter-output>
        </test-method> <!-- runScenario -->
        <test-method status="PASS" signature="runScenario(io.cucumber.testng.PickleWrapper, io.cucumber.testng.FeatureWrapper)[pri:0, instance:runnerFiles.RunnerFilesTestNG@10bbd20a]" name="runScenario" duration-ms="19" started-at="2022-07-16T00:51:46 ICT" description="Runs Cucumber Scenarios" data-provider="scenarios" finished-at="2022-07-16T00:51:46 ICT">
          <params>
            <param index="0">
              <value>
                <![CDATA["Invalid palindrome"]]>
              </value>
            </param>
            <param index="1">
              <value>
                <![CDATA["Tentukan kata palindrome."]]>
              </value>
            </param>
          </params>
          <reporter-output>
          </reporter-output>
        </test-method> <!-- runScenario -->
        <test-method status="PASS" signature="runScenario(io.cucumber.testng.PickleWrapper, io.cucumber.testng.FeatureWrapper)[pri:0, instance:runnerFiles.RunnerFilesTestNG@10bbd20a]" name="runScenario" duration-ms="5" started-at="2022-07-16T00:51:46 ICT" description="Runs Cucumber Scenarios" data-provider="scenarios" finished-at="2022-07-16T00:51:46 ICT">
          <params>
            <param index="0">
              <value>
                <![CDATA["Invalid palindrome"]]>
              </value>
            </param>
            <param index="1">
              <value>
                <![CDATA["Tentukan kata palindrome."]]>
              </value>
            </param>
          </params>
          <reporter-output>
          </reporter-output>
        </test-method> <!-- runScenario -->
        <test-method status="PASS" signature="runScenario(io.cucumber.testng.PickleWrapper, io.cucumber.testng.FeatureWrapper)[pri:0, instance:runnerFiles.RunnerFilesTestNG@10bbd20a]" name="runScenario" duration-ms="6" started-at="2022-07-16T00:51:46 ICT" description="Runs Cucumber Scenarios" data-provider="scenarios" finished-at="2022-07-16T00:51:46 ICT">
          <params>
            <param index="0">
              <value>
                <![CDATA["Invalid palindrome"]]>
              </value>
            </param>
            <param index="1">
              <value>
                <![CDATA["Tentukan kata palindrome."]]>
              </value>
            </param>
          </params>
          <reporter-output>
          </reporter-output>
        </test-method> <!-- runScenario -->
        <test-method status="PASS" signature="tearDownClass()[pri:0, instance:runnerFiles.RunnerFilesTestNG@10bbd20a]" name="tearDownClass" is-config="true" duration-ms="2" started-at="2022-07-16T00:51:46 ICT" finished-at="2022-07-16T00:51:46 ICT">
          <reporter-output>
          </reporter-output>
        </test-method> <!-- tearDownClass -->
      </class> <!-- runnerFiles.RunnerFilesTestNG -->
    </test> <!-- Default test -->
  </suite> <!-- Default suite -->
</testng-results>
