<?xml version="1.0" encoding="UTF-8"?>
<testng-results skipped="0" failed="0" ignored="0" total="2" passed="2">
  <reporter-output>
  </reporter-output>
  <suite name="Default suite" duration-ms="495" started-at="2022-07-16T00:18:50 ICT" finished-at="2022-07-16T00:18:51 ICT">
    <groups>
      <group name="cucumber">
        <method signature="AbstractTestNGCucumberTests.runScenario(io.cucumber.testng.PickleWrapper, io.cucumber.testng.FeatureWrapper)[pri:0, instance:runnerFiles.RunnerFilesTestNG@1e6d1014]" name="runScenario" class="io.cucumber.testng.AbstractTestNGCucumberTests"/>
      </group> <!-- cucumber -->
    </groups>
    <test name="Default test" duration-ms="495" started-at="2022-07-16T00:18:50 ICT" finished-at="2022-07-16T00:18:51 ICT">
      <class name="runnerFiles.RunnerFilesTestNG">
        <test-method status="PASS" signature="setUpClass()[pri:0, instance:runnerFiles.RunnerFilesTestNG@1e6d1014]" name="setUpClass" is-config="true" duration-ms="306" started-at="2022-07-16T00:18:50 ICT" finished-at="2022-07-16T00:18:51 ICT">
          <reporter-output>
          </reporter-output>
        </test-method> <!-- setUpClass -->
        <test-method status="PASS" signature="runScenario(io.cucumber.testng.PickleWrapper, io.cucumber.testng.FeatureWrapper)[pri:0, instance:runnerFiles.RunnerFilesTestNG@1e6d1014]" name="runScenario" duration-ms="137" started-at="2022-07-16T00:18:51 ICT" description="Runs Cucumber Scenarios" data-provider="scenarios" finished-at="2022-07-16T00:18:51 ICT">
          <params>
            <param index="0">
              <value>
                <![CDATA["Valid palindrome"]]>
              </value>
            </param>
            <param index="1">
              <value>
                <![CDATA["Tentukan kata palindrome."]]>
              </value>
            </param>
          </params>
          <reporter-output>
          </reporter-output>
        </test-method> <!-- runScenario -->
        <test-method status="PASS" signature="runScenario(io.cucumber.testng.PickleWrapper, io.cucumber.testng.FeatureWrapper)[pri:0, instance:runnerFiles.RunnerFilesTestNG@1e6d1014]" name="runScenario" duration-ms="5" started-at="2022-07-16T00:18:51 ICT" description="Runs Cucumber Scenarios" data-provider="scenarios" finished-at="2022-07-16T00:18:51 ICT">
          <params>
            <param index="0">
              <value>
                <![CDATA["Invalid palindrome"]]>
              </value>
            </param>
            <param index="1">
              <value>
                <![CDATA["Tentukan kata palindrome."]]>
              </value>
            </param>
          </params>
          <reporter-output>
          </reporter-output>
        </test-method> <!-- runScenario -->
        <test-method status="PASS" signature="tearDownClass()[pri:0, instance:runnerFiles.RunnerFilesTestNG@1e6d1014]" name="tearDownClass" is-config="true" duration-ms="2" started-at="2022-07-16T00:18:51 ICT" finished-at="2022-07-16T00:18:51 ICT">
          <reporter-output>
          </reporter-output>
        </test-method> <!-- tearDownClass -->
      </class> <!-- runnerFiles.RunnerFilesTestNG -->
    </test> <!-- Default test -->
  </suite> <!-- Default suite -->
</testng-results>
