<?xml version="1.0" encoding="UTF-8"?>
<testng-results skipped="0" failed="0" ignored="0" total="2" passed="2">
  <reporter-output>
  </reporter-output>
  <suite name="Suite" duration-ms="206293" started-at="2022-07-18T21:21:02 ICT" finished-at="2022-07-18T21:24:29 ICT">
    <groups>
      <group name="cucumber">
        <method signature="AbstractTestNGCucumberTests.runScenario(io.cucumber.testng.PickleWrapper, io.cucumber.testng.FeatureWrapper)[pri:0, instance:runnerFiles.RunnerFilesTestNG@6acdbdf5]" name="runScenario" class="io.cucumber.testng.AbstractTestNGCucumberTests"/>
      </group> <!-- cucumber -->
    </groups>
    <test name="Test" duration-ms="206293" started-at="2022-07-18T21:21:02 ICT" finished-at="2022-07-18T21:24:29 ICT">
      <class name="runnerFiles.RunnerFilesTestNG">
        <test-method status="PASS" signature="setUpClass()[pri:0, instance:runnerFiles.RunnerFilesTestNG@6acdbdf5]" name="setUpClass" is-config="true" duration-ms="462" started-at="2022-07-18T21:21:03 ICT" finished-at="2022-07-18T21:21:03 ICT">
          <reporter-output>
          </reporter-output>
        </test-method> <!-- setUpClass -->
        <test-method status="PASS" signature="runScenario(io.cucumber.testng.PickleWrapper, io.cucumber.testng.FeatureWrapper)[pri:0, instance:runnerFiles.RunnerFilesTestNG@6acdbdf5]" name="runScenario" duration-ms="183975" started-at="2022-07-18T21:21:03 ICT" description="Runs Cucumber Scenarios" data-provider="scenarios" finished-at="2022-07-18T21:24:07 ICT">
          <params>
            <param index="0">
              <value>
                <![CDATA["Login with valid user"]]>
              </value>
            </param>
            <param index="1">
              <value>
                <![CDATA["Login Apps GTPL Bank"]]>
              </value>
            </param>
          </params>
          <reporter-output>
          </reporter-output>
        </test-method> <!-- runScenario -->
        <test-method status="PASS" signature="runScenario(io.cucumber.testng.PickleWrapper, io.cucumber.testng.FeatureWrapper)[pri:0, instance:runnerFiles.RunnerFilesTestNG@6acdbdf5]" name="runScenario" duration-ms="21377" started-at="2022-07-18T21:24:07 ICT" description="Runs Cucumber Scenarios" data-provider="scenarios" finished-at="2022-07-18T21:24:28 ICT">
          <params>
            <param index="0">
              <value>
                <![CDATA["Login with invalid user"]]>
              </value>
            </param>
            <param index="1">
              <value>
                <![CDATA["Login Apps GTPL Bank"]]>
              </value>
            </param>
          </params>
          <reporter-output>
          </reporter-output>
        </test-method> <!-- runScenario -->
        <test-method status="PASS" signature="tearDownClass()[pri:0, instance:runnerFiles.RunnerFilesTestNG@6acdbdf5]" name="tearDownClass" is-config="true" duration-ms="392" started-at="2022-07-18T21:24:28 ICT" finished-at="2022-07-18T21:24:29 ICT">
          <reporter-output>
          </reporter-output>
        </test-method> <!-- tearDownClass -->
      </class> <!-- runnerFiles.RunnerFilesTestNG -->
    </test> <!-- Test -->
  </suite> <!-- Suite -->
</testng-results>
