<?xml version="1.0" encoding="UTF-8"?>
<testng-results skipped="0" failed="0" ignored="0" total="2" passed="2">
  <reporter-output>
  </reporter-output>
  <suite name="Default suite" duration-ms="27917" started-at="2022-07-18T23:22:18 ICT" finished-at="2022-07-18T23:22:46 ICT">
    <groups>
      <group name="cucumber">
        <method signature="AbstractTestNGCucumberTests.runScenario(io.cucumber.testng.PickleWrapper, io.cucumber.testng.FeatureWrapper)[pri:0, instance:runner.Runner@6acdbdf5]" name="runScenario" class="io.cucumber.testng.AbstractTestNGCucumberTests"/>
      </group> <!-- cucumber -->
    </groups>
    <test name="Default test" duration-ms="27917" started-at="2022-07-18T23:22:18 ICT" finished-at="2022-07-18T23:22:46 ICT">
      <class name="runner.Runner">
        <test-method status="PASS" signature="setUpClass()[pri:0, instance:runner.Runner@6acdbdf5]" name="setUpClass" is-config="true" duration-ms="315" started-at="2022-07-18T23:22:18 ICT" finished-at="2022-07-18T23:22:19 ICT">
          <reporter-output>
          </reporter-output>
        </test-method> <!-- setUpClass -->
        <test-method status="PASS" signature="runScenario(io.cucumber.testng.PickleWrapper, io.cucumber.testng.FeatureWrapper)[pri:0, instance:runner.Runner@6acdbdf5]" name="runScenario" duration-ms="15181" started-at="2022-07-18T23:22:19 ICT" description="Runs Cucumber Scenarios" data-provider="scenarios" finished-at="2022-07-18T23:22:34 ICT">
          <params>
            <param index="0">
              <value>
                <![CDATA["Register dengan email valid"]]>
              </value>
            </param>
            <param index="1">
              <value>
                <![CDATA["Register Aplikasi GTPL Bank"]]>
              </value>
            </param>
          </params>
          <reporter-output>
          </reporter-output>
        </test-method> <!-- runScenario -->
        <test-method status="PASS" signature="runScenario(io.cucumber.testng.PickleWrapper, io.cucumber.testng.FeatureWrapper)[pri:0, instance:runner.Runner@6acdbdf5]" name="runScenario" duration-ms="12189" started-at="2022-07-18T23:22:34 ICT" description="Runs Cucumber Scenarios" data-provider="scenarios" finished-at="2022-07-18T23:22:46 ICT">
          <params>
            <param index="0">
              <value>
                <![CDATA["Register dengan email invalid"]]>
              </value>
            </param>
            <param index="1">
              <value>
                <![CDATA["Register Aplikasi GTPL Bank"]]>
              </value>
            </param>
          </params>
          <reporter-output>
          </reporter-output>
        </test-method> <!-- runScenario -->
        <test-method status="PASS" signature="tearDownClass()[pri:0, instance:runner.Runner@6acdbdf5]" name="tearDownClass" is-config="true" duration-ms="182" started-at="2022-07-18T23:22:46 ICT" finished-at="2022-07-18T23:22:46 ICT">
          <reporter-output>
          </reporter-output>
        </test-method> <!-- tearDownClass -->
      </class> <!-- runner.Runner -->
    </test> <!-- Default test -->
  </suite> <!-- Default suite -->
</testng-results>
