<?xml version="1.0" encoding="UTF-8"?>
<testng-results skipped="0" failed="0" ignored="0" total="2" passed="2">
  <reporter-output>
  </reporter-output>
  <suite name="Suite" duration-ms="19516" started-at="2022-07-20T00:37:35 ICT" finished-at="2022-07-20T00:37:54 ICT">
    <groups>
      <group name="cucumber">
        <method signature="AbstractTestNGCucumberTests.runScenario(io.cucumber.testng.PickleWrapper, io.cucumber.testng.FeatureWrapper)[pri:0, instance:runner.Runner@47c62251]" name="runScenario" class="io.cucumber.testng.AbstractTestNGCucumberTests"/>
      </group> <!-- cucumber -->
    </groups>
    <test name="Test" duration-ms="19516" started-at="2022-07-20T00:37:35 ICT" finished-at="2022-07-20T00:37:54 ICT">
      <class name="runner.Runner">
        <test-method status="PASS" signature="setUpClass()[pri:0, instance:runner.Runner@47c62251]" name="setUpClass" is-config="true" duration-ms="316" started-at="2022-07-20T00:37:35 ICT" finished-at="2022-07-20T00:37:35 ICT">
          <reporter-output>
          </reporter-output>
        </test-method> <!-- setUpClass -->
        <test-method status="PASS" signature="runScenario(io.cucumber.testng.PickleWrapper, io.cucumber.testng.FeatureWrapper)[pri:0, instance:runner.Runner@47c62251]" name="runScenario" duration-ms="10862" started-at="2022-07-20T00:37:35 ICT" description="Runs Cucumber Scenarios" data-provider="scenarios" finished-at="2022-07-20T00:37:46 ICT">
          <params>
            <param index="0">
              <value>
                <![CDATA["Valid Test"]]>
              </value>
            </param>
            <param index="1">
              <value>
                <![CDATA["Payment Test(DESTA)"]]>
              </value>
            </param>
          </params>
          <reporter-output>
          </reporter-output>
        </test-method> <!-- runScenario -->
        <test-method status="PASS" signature="runScenario(io.cucumber.testng.PickleWrapper, io.cucumber.testng.FeatureWrapper)[pri:0, instance:runner.Runner@47c62251]" name="runScenario" duration-ms="8082" started-at="2022-07-20T00:37:46 ICT" description="Runs Cucumber Scenarios" data-provider="scenarios" finished-at="2022-07-20T00:37:54 ICT">
          <params>
            <param index="0">
              <value>
                <![CDATA["inValid Test"]]>
              </value>
            </param>
            <param index="1">
              <value>
                <![CDATA["Payment Test(DESTA)"]]>
              </value>
            </param>
          </params>
          <reporter-output>
          </reporter-output>
        </test-method> <!-- runScenario -->
        <test-method status="PASS" signature="tearDownClass()[pri:0, instance:runner.Runner@47c62251]" name="tearDownClass" is-config="true" duration-ms="192" started-at="2022-07-20T00:37:54 ICT" finished-at="2022-07-20T00:37:54 ICT">
          <reporter-output>
          </reporter-output>
        </test-method> <!-- tearDownClass -->
      </class> <!-- runner.Runner -->
    </test> <!-- Test -->
  </suite> <!-- Suite -->
</testng-results>
